core.init: Rosetta version 5e8be8c3f97656c75ebf5ace650dda680cb442cd 2016-01-21 12:17:50 -0500 from git@github.com:RosettaCommons/main.git
core.init: command: /home/arubenstein/Rosetta/main/source/bin/rosetta_scripts.static.linuxgccrelease -jd2:ntrials 1 -parser:protocol /home/arubenstein/mean_field/PDZ/xml/mutate_Erbin.xml -database /home/arubenstein/Rosetta/main/database/ -s 1N7T_17.pdb -overwrite @/home/arubenstein/mean_field/PDZ/prep_pdbs/ancillary_files/enzflags -resfile resfile.txt
core.init: 'RNG device' seed mode, using '/dev/urandom', seed=-1764363784 seed_offset=0 real_seed=-1764363784
core.init.random: RandomGenerator:init: Normal mode, seed=-1764363784 RG_type=mt19937
protocols.jd2.PDBJobInputter: Instantiate PDBJobInputter
protocols.jd2.PDBJobInputter: PDBJobInputter::fill_jobs
protocols.jd2.PDBJobInputter: pushed 1N7T_17.pdb nstruct index 1
protocols.evaluation.ChiWellRmsdEvaluatorCreator: Evaluation Creator active ... 
protocols.jd2.JobDistributor: Parser is present.  Input mover will be overwritten with whatever the parser creates.
protocols.jd2.PDBJobInputter: PDBJobInputter::pose_from_job
protocols.jd2.PDBJobInputter: filling pose from PDB 1N7T_17.pdb
core.chemical.ResidueTypeSet: Finished initializing fa_standard residue type set.  Created 382 residue types
core.chemical.ResidueTypeSet: Total time to initialize 0.518082 seconds.
core.io.pdb.file_data: [ WARNING ] discarding 5 atoms at position 1 in file 1N7T_17.pdb. Best match rsd_type:  GLY:NtermProteinFull
core.io.pdb.file_data: [ WARNING ] discarding 2 atoms at position 2 in file 1N7T_17.pdb. Best match rsd_type:  SER
core.io.pdb.file_data: [ WARNING ] discarding 3 atoms at position 3 in file 1N7T_17.pdb. Best match rsd_type:  HIS
core.io.pdb.file_data: [ WARNING ] discarding 7 atoms at position 4 in file 1N7T_17.pdb. Best match rsd_type:  MET
core.io.pdb.file_data: [ WARNING ] discarding 2 atoms at position 5 in file 1N7T_17.pdb. Best match rsd_type:  GLY
core.io.pdb.file_data: [ WARNING ] discarding 3 atoms at position 6 in file 1N7T_17.pdb. Best match rsd_type:  HIS
core.io.pdb.file_data: [ WARNING ] discarding 4 atoms at position 7 in file 1N7T_17.pdb. Best match rsd_type:  GLU
core.io.pdb.file_data: [ WARNING ] discarding 8 atoms at position 8 in file 1N7T_17.pdb. Best match rsd_type:  LEU
core.io.pdb.file_data: [ WARNING ] discarding 3 atoms at position 9 in file 1N7T_17.pdb. Best match rsd_type:  ALA
core.io.pdb.file_data: [ WARNING ] discarding 11 atoms at position 10 in file 1N7T_17.pdb. Best match rsd_type:  LYS
core.io.pdb.file_data: [ WARNING ] discarding 6 atoms at position 11 in file 1N7T_17.pdb. Best match rsd_type:  GLN
core.io.pdb.file_data: [ WARNING ] discarding 4 atoms at position 12 in file 1N7T_17.pdb. Best match rsd_type:  GLU
core.io.pdb.file_data: [ WARNING ] discarding 8 atoms at position 13 in file 1N7T_17.pdb. Best match rsd_type:  ILE
core.io.pdb.file_data: [ WARNING ] discarding 10 atoms at position 14 in file 1N7T_17.pdb. Best match rsd_type:  ARG
core.io.pdb.file_data: [ WARNING ] discarding 6 atoms at position 15 in file 1N7T_17.pdb. Best match rsd_type:  VAL
core.io.pdb.file_data: [ WARNING ] discarding 10 atoms at position 16 in file 1N7T_17.pdb. Best match rsd_type:  ARG
core.io.pdb.file_data: [ WARNING ] discarding 6 atoms at position 17 in file 1N7T_17.pdb. Best match rsd_type:  VAL
core.io.pdb.file_data: [ WARNING ] discarding 4 atoms at position 18 in file 1N7T_17.pdb. Best match rsd_type:  GLU
core.io.pdb.file_data: [ WARNING ] discarding 11 atoms at position 19 in file 1N7T_17.pdb. Best match rsd_type:  LYS
core.io.pdb.file_data: [ WARNING ] discarding 2 atoms at position 20 in file 1N7T_17.pdb. Best match rsd_type:  ASP
core.io.pdb.file_data: [ WARNING ] discarding 6 atoms at position 21 in file 1N7T_17.pdb. Best match rsd_type:  PRO
core.io.pdb.file_data: [ WARNING ] discarding 4 atoms at position 22 in file 1N7T_17.pdb. Best match rsd_type:  GLU
core.io.pdb.file_data: [ WARNING ] discarding 8 atoms at position 23 in file 1N7T_17.pdb. Best match rsd_type:  LEU
core.io.pdb.file_data: [ WARNING ] discarding 2 atoms at position 24 in file 1N7T_17.pdb. Best match rsd_type:  GLY
core.io.pdb.file_data: [ WARNING ] discarding 2 atoms at position 25 in file 1N7T_17.pdb. Best match rsd_type:  PHE
core.io.pdb.file_data: [ WARNING ] discarding 2 atoms at position 26 in file 1N7T_17.pdb. Best match rsd_type:  SER
core.io.pdb.file_data: [ WARNING ] discarding 8 atoms at position 27 in file 1N7T_17.pdb. Best match rsd_type:  ILE
core.io.pdb.file_data: [ WARNING ] discarding 2 atoms at position 28 in file 1N7T_17.pdb. Best match rsd_type:  SER
core.io.pdb.file_data: [ WARNING ] discarding 2 atoms at position 29 in file 1N7T_17.pdb. Best match rsd_type:  GLY
core.io.pdb.file_data: [ WARNING ] discarding 2 atoms at position 30 in file 1N7T_17.pdb. Best match rsd_type:  GLY
core.io.pdb.file_data: [ WARNING ] discarding 6 atoms at position 31 in file 1N7T_17.pdb. Best match rsd_type:  VAL
core.io.pdb.file_data: [ WARNING ] discarding 2 atoms at position 32 in file 1N7T_17.pdb. Best match rsd_type:  GLY
core.io.pdb.file_data: [ WARNING ] discarding 2 atoms at position 33 in file 1N7T_17.pdb. Best match rsd_type:  GLY
core.io.pdb.file_data: [ WARNING ] discarding 10 atoms at position 34 in file 1N7T_17.pdb. Best match rsd_type:  ARG
core.io.pdb.file_data: [ WARNING ] discarding 2 atoms at position 35 in file 1N7T_17.pdb. Best match rsd_type:  GLY
core.io.pdb.file_data: [ WARNING ] discarding 4 atoms at position 36 in file 1N7T_17.pdb. Best match rsd_type:  ASN
core.io.pdb.file_data: [ WARNING ] discarding 6 atoms at position 37 in file 1N7T_17.pdb. Best match rsd_type:  PRO
core.io.pdb.file_data: [ WARNING ] discarding 2 atoms at position 38 in file 1N7T_17.pdb. Best match rsd_type:  PHE
core.io.pdb.file_data: [ WARNING ] discarding 10 atoms at position 39 in file 1N7T_17.pdb. Best match rsd_type:  ARG
core.io.pdb.file_data: [ WARNING ] discarding 6 atoms at position 40 in file 1N7T_17.pdb. Best match rsd_type:  PRO
core.io.pdb.file_data: [ WARNING ] discarding 2 atoms at position 41 in file 1N7T_17.pdb. Best match rsd_type:  ASP
core.io.pdb.file_data: [ WARNING ] discarding 2 atoms at position 42 in file 1N7T_17.pdb. Best match rsd_type:  ASP
core.io.pdb.file_data: [ WARNING ] discarding 2 atoms at position 43 in file 1N7T_17.pdb. Best match rsd_type:  ASP
core.io.pdb.file_data: [ WARNING ] discarding 2 atoms at position 44 in file 1N7T_17.pdb. Best match rsd_type:  GLY
core.io.pdb.file_data: [ WARNING ] discarding 8 atoms at position 45 in file 1N7T_17.pdb. Best match rsd_type:  ILE
core.io.pdb.file_data: [ WARNING ] discarding 2 atoms at position 46 in file 1N7T_17.pdb. Best match rsd_type:  PHE
core.io.pdb.file_data: [ WARNING ] discarding 6 atoms at position 47 in file 1N7T_17.pdb. Best match rsd_type:  VAL
core.io.pdb.file_data: [ WARNING ] discarding 3 atoms at position 48 in file 1N7T_17.pdb. Best match rsd_type:  THR
core.io.pdb.file_data: [ WARNING ] discarding 10 atoms at position 49 in file 1N7T_17.pdb. Best match rsd_type:  ARG
core.io.pdb.file_data: [ WARNING ] discarding 6 atoms at position 50 in file 1N7T_17.pdb. Best match rsd_type:  VAL
core.io.pdb.file_data: [ WARNING ] discarding 6 atoms at position 51 in file 1N7T_17.pdb. Best match rsd_type:  GLN
core.io.pdb.file_data: [ WARNING ] discarding 6 atoms at position 52 in file 1N7T_17.pdb. Best match rsd_type:  PRO
core.io.pdb.file_data: [ WARNING ] discarding 4 atoms at position 53 in file 1N7T_17.pdb. Best match rsd_type:  GLU
core.io.pdb.file_data: [ WARNING ] discarding 2 atoms at position 54 in file 1N7T_17.pdb. Best match rsd_type:  GLY
core.io.pdb.file_data: [ WARNING ] discarding 6 atoms at position 55 in file 1N7T_17.pdb. Best match rsd_type:  PRO
core.io.pdb.file_data: [ WARNING ] discarding 3 atoms at position 56 in file 1N7T_17.pdb. Best match rsd_type:  ALA
core.io.pdb.file_data: [ WARNING ] discarding 2 atoms at position 57 in file 1N7T_17.pdb. Best match rsd_type:  SER
core.io.pdb.file_data: [ WARNING ] discarding 11 atoms at position 58 in file 1N7T_17.pdb. Best match rsd_type:  LYS
core.io.pdb.file_data: [ WARNING ] discarding 8 atoms at position 59 in file 1N7T_17.pdb. Best match rsd_type:  LEU
core.io.pdb.file_data: [ WARNING ] discarding 8 atoms at position 60 in file 1N7T_17.pdb. Best match rsd_type:  LEU
core.io.pdb.file_data: [ WARNING ] discarding 6 atoms at position 61 in file 1N7T_17.pdb. Best match rsd_type:  GLN
core.io.pdb.file_data: [ WARNING ] discarding 6 atoms at position 62 in file 1N7T_17.pdb. Best match rsd_type:  PRO
core.io.pdb.file_data: [ WARNING ] discarding 2 atoms at position 63 in file 1N7T_17.pdb. Best match rsd_type:  GLY
core.io.pdb.file_data: [ WARNING ] discarding 2 atoms at position 64 in file 1N7T_17.pdb. Best match rsd_type:  ASP
core.io.pdb.file_data: [ WARNING ] discarding 11 atoms at position 65 in file 1N7T_17.pdb. Best match rsd_type:  LYS
core.io.pdb.file_data: [ WARNING ] discarding 8 atoms at position 66 in file 1N7T_17.pdb. Best match rsd_type:  ILE
core.io.pdb.file_data: [ WARNING ] discarding 8 atoms at position 67 in file 1N7T_17.pdb. Best match rsd_type:  ILE
core.io.pdb.file_data: [ WARNING ] discarding 6 atoms at position 68 in file 1N7T_17.pdb. Best match rsd_type:  GLN
core.io.pdb.file_data: [ WARNING ] discarding 3 atoms at position 69 in file 1N7T_17.pdb. Best match rsd_type:  ALA
core.io.pdb.file_data: [ WARNING ] discarding 4 atoms at position 70 in file 1N7T_17.pdb. Best match rsd_type:  ASN
core.io.pdb.file_data: [ WARNING ] discarding 2 atoms at position 71 in file 1N7T_17.pdb. Best match rsd_type:  GLY
core.io.pdb.file_data: [ WARNING ] discarding 2 atoms at position 72 in file 1N7T_17.pdb. Best match rsd_type:  TYR
core.io.pdb.file_data: [ WARNING ] discarding 2 atoms at position 73 in file 1N7T_17.pdb. Best match rsd_type:  SER
core.io.pdb.file_data: [ WARNING ] discarding 2 atoms at position 74 in file 1N7T_17.pdb. Best match rsd_type:  PHE
core.io.pdb.file_data: [ WARNING ] discarding 8 atoms at position 75 in file 1N7T_17.pdb. Best match rsd_type:  ILE
core.io.pdb.file_data: [ WARNING ] discarding 4 atoms at position 76 in file 1N7T_17.pdb. Best match rsd_type:  ASN
core.io.pdb.file_data: [ WARNING ] discarding 8 atoms at position 77 in file 1N7T_17.pdb. Best match rsd_type:  ILE
core.io.pdb.file_data: [ WARNING ] discarding 4 atoms at position 78 in file 1N7T_17.pdb. Best match rsd_type:  GLU
core.io.pdb.file_data: [ WARNING ] discarding 3 atoms at position 79 in file 1N7T_17.pdb. Best match rsd_type:  HIS
core.io.pdb.file_data: [ WARNING ] discarding 2 atoms at position 80 in file 1N7T_17.pdb. Best match rsd_type:  GLY
core.io.pdb.file_data: [ WARNING ] discarding 6 atoms at position 81 in file 1N7T_17.pdb. Best match rsd_type:  GLN
core.io.pdb.file_data: [ WARNING ] discarding 3 atoms at position 82 in file 1N7T_17.pdb. Best match rsd_type:  ALA
core.io.pdb.file_data: [ WARNING ] discarding 6 atoms at position 83 in file 1N7T_17.pdb. Best match rsd_type:  VAL
core.io.pdb.file_data: [ WARNING ] discarding 2 atoms at position 84 in file 1N7T_17.pdb. Best match rsd_type:  SER
core.io.pdb.file_data: [ WARNING ] discarding 8 atoms at position 85 in file 1N7T_17.pdb. Best match rsd_type:  LEU
core.io.pdb.file_data: [ WARNING ] discarding 8 atoms at position 86 in file 1N7T_17.pdb. Best match rsd_type:  LEU
core.io.pdb.file_data: [ WARNING ] discarding 11 atoms at position 87 in file 1N7T_17.pdb. Best match rsd_type:  LYS
core.io.pdb.file_data: [ WARNING ] discarding 3 atoms at position 88 in file 1N7T_17.pdb. Best match rsd_type:  THR
core.io.pdb.file_data: [ WARNING ] discarding 2 atoms at position 89 in file 1N7T_17.pdb. Best match rsd_type:  PHE
core.io.pdb.file_data: [ WARNING ] discarding 6 atoms at position 90 in file 1N7T_17.pdb. Best match rsd_type:  GLN
core.io.pdb.file_data: [ WARNING ] discarding 4 atoms at position 91 in file 1N7T_17.pdb. Best match rsd_type:  ASN
core.io.pdb.file_data: [ WARNING ] discarding 3 atoms at position 92 in file 1N7T_17.pdb. Best match rsd_type:  THR
core.io.pdb.file_data: [ WARNING ] discarding 6 atoms at position 93 in file 1N7T_17.pdb. Best match rsd_type:  VAL
core.io.pdb.file_data: [ WARNING ] discarding 4 atoms at position 94 in file 1N7T_17.pdb. Best match rsd_type:  GLU
core.io.pdb.file_data: [ WARNING ] discarding 8 atoms at position 95 in file 1N7T_17.pdb. Best match rsd_type:  LEU
core.io.pdb.file_data: [ WARNING ] discarding 8 atoms at position 96 in file 1N7T_17.pdb. Best match rsd_type:  ILE
core.io.pdb.file_data: [ WARNING ] discarding 8 atoms at position 97 in file 1N7T_17.pdb. Best match rsd_type:  ILE
core.io.pdb.file_data: [ WARNING ] discarding 6 atoms at position 98 in file 1N7T_17.pdb. Best match rsd_type:  VAL
core.io.pdb.file_data: [ WARNING ] discarding 10 atoms at position 99 in file 1N7T_17.pdb. Best match rsd_type:  ARG
core.io.pdb.file_data: [ WARNING ] discarding 4 atoms at position 100 in file 1N7T_17.pdb. Best match rsd_type:  GLU
core.io.pdb.file_data: [ WARNING ] discarding 6 atoms at position 101 in file 1N7T_17.pdb. Best match rsd_type:  VAL
core.io.pdb.file_data: [ WARNING ] discarding 2 atoms at position 102 in file 1N7T_17.pdb. Best match rsd_type:  SER
core.io.pdb.file_data: [ WARNING ] discarding 2 atoms at position 103 in file 1N7T_17.pdb. Best match rsd_type:  SER:CtermProteinFull
core.io.pdb.file_data: [ WARNING ] discarding 6 atoms at position 104 in file 1N7T_17.pdb. Best match rsd_type:  THR:NtermProteinFull
core.io.pdb.file_data: [ WARNING ] discarding 2 atoms at position 105 in file 1N7T_17.pdb. Best match rsd_type:  GLY
core.io.pdb.file_data: [ WARNING ] discarding 2 atoms at position 106 in file 1N7T_17.pdb. Best match rsd_type:  TRP
core.io.pdb.file_data: [ WARNING ] discarding 4 atoms at position 107 in file 1N7T_17.pdb. Best match rsd_type:  GLU
core.io.pdb.file_data: [ WARNING ] discarding 3 atoms at position 108 in file 1N7T_17.pdb. Best match rsd_type:  THR
core.io.pdb.file_data: [ WARNING ] discarding 2 atoms at position 109 in file 1N7T_17.pdb. Best match rsd_type:  TRP
core.io.pdb.file_data: [ WARNING ] discarding 6 atoms at position 110 in file 1N7T_17.pdb. Best match rsd_type:  VAL:CtermProteinFull
protocols.rosetta_scripts.RosettaScriptsParser: dock_design_filename=/home/arubenstein/mean_field/PDZ/xml/mutate_Erbin.xml
protocols.rosetta_scripts.RosettaScriptsParser: Parsed script:
<ROSETTASCRIPTS>
	<SCOREFXNS/>
	<TASKOPERATIONS>
		<ReadResfile name=rf/>
		<InitializeFromCommandline name=init/>
	</TASKOPERATIONS>
	<FILTERS/>
	<MOVERS>
		<AtomTree fold_tree_file=/home/arubenstein/mean_field/PDZ/prep_pdbs/ancillary_files/mut_Erbin.ft name=set_ft/>
		<PackRotamersMover name=packrot scorefxn=talaris2013 task_operations=rf,init/>
		<MinMover bb=0 chi=1 jump=0 max_iter=200 name=min_sc scorefxn=talaris2013 tolerance=0.0001 type=lbfgs_armijo_nonmonotone/>
		<MinMover bb=1 chi=1 max_iter=200 name=min_sc_bb scorefxn=talaris2013 tolerance=0.0001 type=lbfgs_armijo_nonmonotone>
			<MoveMap>
				<Span bb=true begin=104 chi=true end=106/>
				<Span bb=false begin=1 chi=true end=103/>
				<Span bb=false begin=107 chi=true end=110/>
			</MoveMap>
		</MinMover>
	</MOVERS>
	<APPLY_TO_POSE/>
	<PROTOCOLS>
		<Add mover_name=set_ft/>
		<Add mover_name=packrot/>
		<Add mover_name=min_sc/>
		<Add mover_name=min_sc_bb/>
	</PROTOCOLS>
</ROSETTASCRIPTS>
core.scoring.ScoreFunctionFactory: SCOREFUNCTION: talaris2013
core.scoring.etable: Starting energy table calculation
core.scoring.etable: smooth_etable: changing atr/rep split to bottom of energy well
core.scoring.etable: smooth_etable: spline smoothing lj etables (maxdis = 6)
core.scoring.etable: smooth_etable: spline smoothing solvation etables (max_dis = 6)
core.scoring.etable: Finished calculating energy tables.
basic.io.database: Database file opened: scoring/score_functions/hbonds/sp2_elec_params/HBPoly1D.csv
basic.io.database: Database file opened: scoring/score_functions/hbonds/sp2_elec_params/HBFadeIntervals.csv
basic.io.database: Database file opened: scoring/score_functions/hbonds/sp2_elec_params/HBEval.csv
basic.io.database: Database file opened: scoring/score_functions/rama/Rama_smooth_dyn.dat_ss_6.4
basic.io.database: Database file opened: scoring/score_functions/P_AA_pp/P_AA
basic.io.database: Database file opened: scoring/score_functions/P_AA_pp/P_AA_n
basic.io.database: Database file opened: scoring/score_functions/P_AA_pp/P_AA_pp
basic.io.database: Database file opened: scoring/score_functions/PairEPotential/pdb_pair_stats_fine
core.scoring.etable: Using alternate parameters: LJ_RADIUS_SOFT in Etable construction.
core.scoring.etable: Starting energy table calculation
core.scoring.etable: smooth_etable: changing atr/rep split to bottom of energy well
core.scoring.etable: smooth_etable: spline smoothing lj etables (maxdis = 6)
core.scoring.etable: smooth_etable: spline smoothing solvation etables (max_dis = 6)
core.scoring.etable: Finished calculating energy tables.
basic.io.database: Database file opened: scoring/score_functions/InterchainPotential/interchain_env_log.txt
basic.io.database: Database file opened: scoring/score_functions/InterchainPotential/interchain_pair_log.txt
basic.io.database: Database file opened: scoring/score_functions/EnvPairPotential/env_log.txt
basic.io.database: Database file opened: scoring/score_functions/EnvPairPotential/cbeta_den.txt
basic.io.database: Database file opened: scoring/score_functions/EnvPairPotential/pair_log.txt
basic.io.database: Database file opened: scoring/score_functions/EnvPairPotential/cenpack_log.txt
protocols.jd2.parser.TaskOperationLoader: Defined TaskOperation named "rf" of type ReadResfile
protocols.jd2.parser.TaskOperationLoader: Defined TaskOperation named "init" of type InitializeFromCommandline
protocols.protein_interface_design.movers.SetAtomTree: Read fold tree from file: FOLD_TREE  EDGE 1 103 -1  EDGE 103 110 1  EDGE 110 104 -1 
protocols.rosetta_scripts.RosettaScriptsParser: Defined mover named "set_ft" of type AtomTree
protocols.RosettaScripts.util: Object packrot reading the following task_operations: Adding the following task operations
rf init 
protocols.rosetta_scripts.RosettaScriptsParser: Defined mover named "packrot" of type PackRotamersMover
protocols.simple_moves.MinMover: Options chi, bb: 1, 0 omega: 1
protocols.rosetta_scripts.RosettaScriptsParser: Defined mover named "min_sc" of type MinMover
protocols.simple_moves.MinMover: Options chi, bb: 1, 1 omega: 1
protocols.rosetta_scripts.RosettaScriptsParser: Defined mover named "min_sc_bb" of type MinMover
protocols.rosetta_scripts.ParsedProtocol: ParsedProtocol mover with the following movers and filters
protocols.rosetta_scripts.ParsedProtocol: added mover "set_ft" with filter "true_filter"
protocols.rosetta_scripts.ParsedProtocol: added mover "packrot" with filter "true_filter"
protocols.rosetta_scripts.ParsedProtocol: added mover "min_sc" with filter "true_filter"
protocols.rosetta_scripts.ParsedProtocol: added mover "min_sc_bb" with filter "true_filter"
protocols.jd2.PDBJobInputter: PDBJobInputter::pose_from_job
protocols.jd2.PDBJobInputter: filling pose from saved copy 1N7T_17.pdb
protocols.rosetta_scripts.ParsedProtocol: =======================BEGIN MOVER AtomTree - set_ft=======================
protocols.protein_interface_design.movers.SetAtomTree: Applying fold_tree: FOLD_TREE  EDGE 1 103 -1  EDGE 103 110 1  EDGE 110 104 -1 
protocols.rosetta_scripts.ParsedProtocol: =======================BEGIN FILTER =======================
protocols.rosetta_scripts.ParsedProtocol: =======================END FILTER =======================
protocols.rosetta_scripts.ParsedProtocol: =======================BEGIN MOVER PackRotamersMover - packrot=======================
core.pack.task: Packer task: initialize from command line() 
core.pack.dunbrack.RotamerLibrary: Using Dunbrack library binary file '/home/arubenstein/Rosetta/main/database/rotamer/ExtendedOpt1-5/Dunbrack10.lib.bin'.
core.pack.dunbrack.RotamerLibrary: Dunbrack 2010 library took 0.27641 seconds to load from binary
core.pack.pack_rotamers: built 9300 rotamers at 110 positions.
core.pack.interaction_graph.interaction_graph_factory: Instantiating LinearMemoryInteractionGraph
core.pack.interaction_graph.interaction_graph_factory: IG: 4398732 bytes
protocols.rosetta_scripts.ParsedProtocol: =======================BEGIN FILTER =======================
protocols.rosetta_scripts.ParsedProtocol: =======================END FILTER =======================
protocols.rosetta_scripts.ParsedProtocol: =======================BEGIN MOVER MinMover - min_sc=======================
protocols.rosetta_scripts.ParsedProtocol: =======================BEGIN FILTER =======================
protocols.rosetta_scripts.ParsedProtocol: =======================END FILTER =======================
protocols.rosetta_scripts.ParsedProtocol: =======================BEGIN MOVER MinMover - min_sc_bb=======================
protocols.rosetta_scripts.ParsedProtocol: =======================BEGIN FILTER =======================
protocols.rosetta_scripts.ParsedProtocol: =======================END FILTER =======================
protocols.rosetta_scripts.ParsedProtocol: setting status to success
protocols.rosetta_scripts.ParsedProtocol.REPORT: ============Begin report for ==================
protocols.rosetta_scripts.ParsedProtocol.REPORT: ============End report for ==================
protocols.rosetta_scripts.ParsedProtocol.REPORT: ============Begin report for ==================
protocols.rosetta_scripts.ParsedProtocol.REPORT: ============End report for ==================
protocols.rosetta_scripts.ParsedProtocol.REPORT: ============Begin report for ==================
protocols.rosetta_scripts.ParsedProtocol.REPORT: ============End report for ==================
protocols.rosetta_scripts.ParsedProtocol.REPORT: ============Begin report for ==================
protocols.rosetta_scripts.ParsedProtocol.REPORT: ============End report for ==================
protocols.jd2.JobDistributor: 1N7T_17_0001 reported success in 340 seconds
protocols.jd2.JobDistributor: no more batches to process... 
protocols.jd2.JobDistributor: 1 jobs considered, 1 jobs attempted in 341 seconds
